         w __deregister_frame_info
         w __register_frame_info
         w userAppExit
         w userAppInit
00000000 00000802 B __ctru_dev_utf16_buf
00000000 a shift
00000000 a shift
00000000 A __sync_synchronize
00000000 b _TLS_MODULE_BASE_
00000804 00000401 B __ctru_dev_path_buf
00100000 A __start__
00100000 T _start
00100008 T __service_ptr
0010000c T __apt_appid
00100010 T __heap_size
00100014 T __linear_heap_size
00100018 T __system_arglist
0010001c T __system_runflags
00100020 t startup
00100058 t ClearMem
0010006c t ClrLoop
00100094 T _init
001000ac T __aeabi_idiv
001000ac 00000220 T __divsi3
001000b4 t .divsi3_skip_div0_test
001002cc 00000020 T __aeabi_idivmod
001002ec 00000004 W __aeabi_idiv0
001002ec 00000004 W __aeabi_ldiv0
00100308 00000390 T strcmp
00100690 T __aeabi_uidiv
00100690 000001ec T __udivsi3
00100690 t .udivsi3_skip_div0_test
0010087c 00000020 T __aeabi_uidivmod
0010089c t __do_global_dtors_aux
001008dc t frame_dummy
00100908 0000005c T main
00100964 0000045c t consoleHandleColorEsc
00100dc0 000000b8 t consoleColorStateShift
00100e78 000001ac T consoleDrawChar
00101024 0000011c T consolePrintChar
00101140 000005ec T con_write
0010172c 00000124 t newRow
00101850 0000018c T consoleInit
001019dc 000000d0 t gfxPresentFramebuffer
00101aac 0000001c T gfxIsWide
00101ac8 000000ec T gfxSetScreenFormat
00101bb4 00000010 T gfxSetDoubleBuffering
00101bc4 000000d8 T gfxInit
00101c9c 00000010 T gfxInitDefault
00101cac 000000b4 T gfxExit
00101d60 000000a0 T gfxGetFramebuffer
00101e00 00000100 T gfxFlushBuffers
00101f00 00000050 T gfxSwapBuffers
00101f50 00000050 T gfxSwapBuffersGpu
00101fa0 000001b0 t aptConvertScreenForCapture
00102150 00000008 W aptDspSleep
00102158 00000004 W aptDspWakeup
0010215c 00000004 W aptDspCancel
00102160 00000158 T aptSendCommand
001022b8 00000044 t aptExitProcess
001022fc 00000380 T aptExit
0010267c 000000d8 T aptHandleSleep
00102754 00000084 T APT_SleepIfShellClosed
001027d8 00000078 T aptSetSleepAllowed
00102850 00000084 T APT_UnlockTransition
001028d8 00000478 t aptEventHandler
00102d50 000000b0 T APT_ReceiveParameter
00102e00 000000ac t aptReceiveParameter.constprop.0
00102eb0 00000294 t aptScreenTransfer
00103144 000002c8 t aptWaitForWakeUp.isra.0
0010340c 000000f4 T aptJumpToHomeMenu
00103500 00000048 T aptMainLoop
00103548 0000022c T aptInit
00103774 0000007c T APT_CheckNew3DS
001037f0 00000c70 t gspHardwareInit
00104460 00000248 T gspInit
001046a8 000000e4 T gspExit
0010478c 00000010 T gspHasGpuRight
0010479c 000000a0 T gspPresentBuffer
0010483c 00000044 T gspWaitForEvent
00104880 00000004 W gxCmdQueueInterrupt
00104884 00000160 t gspEventThreadMain
001049e4 00000050 T GSPGPU_FlushDataCache
00104a34 00000034 T GSPGPU_SetLcdForceBlack
00104a68 00000068 T GSPGPU_AcquireRight
00104ad0 00000048 T GSPGPU_ReleaseRight
00104b18 0000007c T GSPGPU_ImportDisplayCaptureInfo
00104b94 0000002c T GSPGPU_SaveVramSysArea
00104bc0 0000002c T GSPGPU_RestoreVramSysArea
00104bec 00000024 W hidShouldUseIrrst
00104c10 0000018c T hidInit
00104d9c 000000e8 T hidExit
00104e84 000002a4 T hidScanInput
00105128 00000010 T hidKeysDown
00105138 00000160 T irrstInit
00105298 000000cc T irrstExit
00105364 000000b4 T irrstScanInput
00105418 00000024 T irrstKeysHeld
0010543c 00000038 W __libctru_init
00105474 00000160 W __system_initArgv
001055d4 00000030 T __syscall_getreent
00105604 00000004 T __syscall_lock_acquire
00105608 00000004 T __syscall_lock_release
0010560c 00000004 T __syscall_lock_acquire_recursive
00105610 00000004 T __syscall_lock_release_recursive
00105614 00000004 T __syscall_exit
00105618 00000050 T initThreadVars
00105668 00000080 T __system_initSyscalls
001056e8 T svcControlMemory
00105708 T svcQueryMemory
00105738 T svcExitProcess
00105740 T svcCreateThread
00105760 T svcExitThread
00105768 T svcSleepThread
00105770 T svcReleaseMutex
00105778 T svcCreateEvent
0010578c T svcSignalEvent
00105794 T svcClearEvent
0010579c T svcMapMemoryBlock
001057a4 T svcUnmapMemoryBlock
001057ac T svcCreateAddressArbiter
001057c0 T svcArbitrateAddressNoTimeout
001057c8 T svcCloseHandle
001057d0 T svcWaitSynchronization
001057d8 T svcWaitSynchronizationN
00105800 T svcDuplicateHandle
00105814 T svcConnectToPort
00105828 T svcSendSyncRequest
00105830 T svcGetResourceLimit
00105844 T svcGetResourceLimitLimitValues
0010584c T svcGetResourceLimitCurrentValues
00105854 T svcBreak
0010585c W initSystem
001058ac W __ctru_exit
001058c0 00000024 t addrMapNodeComparator(rbtree_node const*, rbtree_node const*)
001058e4 00000004 t addrMapNodeDestructor(rbtree_node*)
001058e8 00000120 T linearMemAlign
00105a08 00000008 T linearAlloc
00105a10 0000005c T linearFree
00105a6c 00000084 T MemPool::CoalesceRight(MemBlock*)
00105af0 00000150 T MemPool::Allocate(MemChunk&, unsigned long, int)
00105c40 000000fc T MemPool::Deallocate(MemChunk const&)
00105d3c 00000030 T MemPool::GetFreeSpace()
00105d6c 00000024 t addrMapNodeComparator(rbtree_node const*, rbtree_node const*)
00105d90 00000004 t addrMapNodeDestructor(rbtree_node*)
00105d94 00000244 T vramMemAlignAt
00105fd8 0000000c T vramAlloc
00105fe4 00000090 T vramFree
00106074 00000084 W envGetHandle
001060f8 00000050 W envDestroyHandles
00106148 00000034 T __ctru_speedup_config
0010617c 0000012c T srvInit
001062a8 00000058 T srvExit
00106300 00000060 T srvEnableNotification
00106360 000000a0 T srvGetServiceHandleDirect
00106400 00000038 T srvGetServiceHandle
00106438 00000034 T srvSubscribe
0010646c 00000060 T srvReceiveNotification
001064cc 00000038 T srvPublishToSubscriber
00106504 0000000c T __sync_init
00106510 00000018 T __sync_fini
00106528 0000002c T syncArbitrateAddress
00106554 000000b0 T LightLock_Lock
00106604 00000040 T LightLock_Unlock
00106644 00000030 T RecursiveLock_Lock
00106674 00000054 T RecursiveLock_Unlock
001066c8 00000040 T LightEvent_Init
00106708 000000a4 T LightEvent_Clear
001067ac 000000c8 T LightEvent_Signal
00106874 00000050 T LightEvent_TryWait
001068c4 000000a0 T LightEvent_Wait
00106964 000001d4 T threadCreate
00106b38 0000002c T threadFree
00106b64 00000024 T threadJoin
00106b88 00000030 T threadGetCurrent
00106bb8 00000040 T threadExit
00106bf8 00000020 t _thread_begin
00106c18 00000090 t mappableFindAddressWithin
00106ca8 00000028 T mappableInit
00106cd0 00000080 T mappableAlloc
00106d50 00000004 T mappableFree
00106d54 00000074 T ptmSysmInit
00106dc8 0000003c T ptmSysmExit
00106e04 00000034 T PTMSYSM_ConfigureNew3DSCPU
00106e38 0000000c T srvPmGetSessionHandle
00106e44 00000074 T rbtree_find
00106eb8 00000010 T rbtree_init
00106ec8 0000019c t do_insert
00107064 00000008 T rbtree_insert
0010706c 00000310 T rbtree_remove
0010737c 00000090 T rbtree_rotate
00107410 000001e0 W __system_allocateHeaps
001075f0 00000030 W __appExit
00107620 00000030 W __appInit
00107650 00000090 W __libctru_exit
001076e0 00000014 t archive_link
001076f4 00000014 t archive_dirreset
00107708 00000014 t archive_chmod
0010771c 00000024 t error_cmp
00107740 00000050 t archive_translate_error
00107790 000000c4 t archive_seek
00107854 00000078 t _archiveInit.part.0
001078cc 000000c4 t archiveFindDevice.part.0
00107990 00000290 t archive_utf16path
00107c20 0000009c t _archiveUnmountDeviceStruct.part.0
00107cbc 00000014 t archive_statvfs
00107cd0 00000014 t archive_fchmod
00107ce4 00000168 t _archiveMountDevice
00107e4c 000000e8 t archive_diropen
00107f34 000000a4 t archive_fstat
00107fd8 0000006c t archive_fsync
00108044 0000006c t archive_close
001080b0 00000070 t archive_dirclose
00108120 000000e4 t sdmc_statvfs
00108204 000000ec t archive_chdir
001082f0 0000007c t archive_ftruncate
0010836c 000000ac t archive_read
00108418 000000a4 t archive_unlink
001084bc 000000bc t archive_rmdir
00108578 000000dc t archive_mkdir
00108654 00000194 t archive_stat
001087e8 0000015c t archive_dirnext
00108944 00000124 t archive_write
00108a68 00000210 t archive_open
00108c78 00000268 t archive_rename
00108ee0 0000019c T archiveMountSdmc
0010907c 00000054 T archiveUnmountAll
001090d0 000000d0 T fsInit
001091a0 0000003c T fsExit
001091dc 00000060 T fsExemptFromSession
0010923c 00000050 T fsUnexemptFromSession
0010928c 000000cc T FSUSER_OpenFile
00109358 000000bc T FSUSER_DeleteFile
00109414 000000f8 T FSUSER_RenameFile
0010950c 000000bc T FSUSER_DeleteDirectory
001095c8 000000d4 T FSUSER_CreateFile
0010969c 000000c4 T FSUSER_CreateDirectory
00109760 000000f8 T FSUSER_RenameDirectory
00109858 000000b4 T FSUSER_OpenDirectory
0010990c 00000094 T FSUSER_OpenArchive
001099a0 0000008c T FSUSER_CloseArchive
00109a2c 00000074 T FSUSER_GetSdmcArchiveResource
00109aa0 00000064 T FSUSER_IsSdmcWritable
00109b04 00000058 T FSFILE_Read
00109b5c 00000060 T FSFILE_Write
00109bbc 00000038 T FSFILE_GetSize
00109bf4 00000028 T FSFILE_SetSize
00109c1c 0000003c T FSFILE_Close
00109c58 00000024 T FSFILE_Flush
00109c7c 00000050 T FSDIR_Read
00109ccc 0000003c T FSDIR_Close
00109d08 0000005c T rbtree_node_next
00109d64 0000013c T decode_utf8
00109ea0 000000e8 T utf16_to_utf8
00109f88 000000c0 T utf8_to_utf16
0010a048 T __aeabi_read_tp
0010a054 00000064 T decode_utf16
0010a0b8 00000054 T encode_utf16
0010a10c 000000e0 T encode_utf8
0010a1ec 000000d8 T strncmp
0010a2c4 0000005c T strlen
0010a320 000001e4 t _strtoul_l.isra.0
0010a504 00000034 T strtoul
0010a538 000000e4 T strncat
0010a61c 00000078 T bsearch
0010a694 00000020 T memalign
0010a6b4 0000001c t stdio_exit_handler
0010a6d0 0000005c t cleanup_stdio
0010a72c 00000154 t global_stdio_init.part.0
0010a880 0000005c T __sinit
0010a8dc 0000000c T __sfp_lock_acquire
0010a8e8 0000000c T __sfp_lock_release
0010a8f4 000007e8 T _malloc_r
0010b0dc 000000f8 T _malloc_trim_r
0010b1d4 00000300 T _free_r
0010b4d4 00000294 T setvbuf
0010b768 0000004c T strnlen
0010b7b4 0000000c T __errno
0010b7c0 00000034 T malloc
0010b7f4 00000018 T free
0010b80c 00000130 T memcpy
0010b93c 000000e0 T _puts_r
0010ba1c 00000018 T puts
0010ba34 000000e8 T memset
0010bb1c 00000070 T _fwalk_sglue
0010bb8c 0000000c T __malloc_lock
0010bb98 0000000c T __malloc_unlock
0010bba4 00000004 W __call_exitprocs
0010bba8 00000030 T exit
0010bbd8 000000c4 T strncpy
0010bc9c 00000084 T __libc_init_array
0010bd20 00000228 T __sflush_r
0010bf48 00000094 T _fflush_r
0010bfdc 00000480 T __sfvwrite_r
0010c45c 00000150 T _memalign_r
0010c5ac 000000e0 T memchr
0010c68c 0000003c T __libc_fini_array
0010c6c8 00000044 T __sread
0010c70c 00000068 T __swrite
0010c774 00000040 T __sseek
0010c7b4 00000008 T __sclose
0010c7bc 00000148 T _fclose_r
0010c904 00000144 T __smakebuf_r
0010ca48 0000008c T __swhatbuf_r
0010cad4 000004a4 T _realloc_r
0010cf78 00000194 T __swsetup_r
0010d10c 00000160 T memmove
0010d26c 00000020 T _exit
0010d28c 0000013c T chdir
0010d3c8 000001cc T _concatenate_path
0010d594 00000088 T _fstat_r
0010d61c 0000002c T __getreent
0010d648 0000003c T __get_handle
0010d684 000000f4 T _close_r
0010d778 00000008 t null_write
0010d780 00000018 T setDefaultDevice
0010d798 000000c8 T FindDevice
0010d860 00000028 T RemoveDevice
0010d888 00000098 T AddDevice
0010d920 00000020 T GetDeviceOpTab
0010d940 00000008 T _isatty_r
0010d948 0000008c T _lseek_r
0010d9d4 00000088 T _read_r
0010da5c 00000078 W _sbrk_r
0010dad4 0000001c T __libc_lock_acquire
0010daf0 0000001c T __libc_lock_release
0010db0c 0000001c T __libc_lock_acquire_recursive
0010db28 0000001c T __libc_lock_release_recursive
0010db44 00000088 T _write_r
0010dbcc 00000130 T strchr
0010dcfc 00000048 T strrchr
0010dd44 T _fini
0010e174 00000080 r dotab_stdout
0010e1f4 00000018 r grayScale
0010e20c 00000006 r colorCube
0010e214 00000030 r colorTable
0010e260 00000008 r morton_y.2
0010e268 00000008 r morton_x.3
0010e270 00000008 r s_sleepWakeEvents.4
0010e278 R default_font_bin
0010ea78 R default_font_bin_end
0010ea78 00000030 r error_table
0010eaa8 00000080 r archive_devoptab
0010eb28 00000101 R _ctype_
0010ec2c 00000080 R dotab_stdnull
0010ecac R __tdata_align
0010ecb0 r __EH_FRAME_BEGIN__
0010ecb0 R __exidx_end
0010ecb0 R __exidx_start
0010f000 00000001 d firstConsoleInit.0
0010f004 00000004 D currentConsole
0010f008 00000048 D defaultConsole
0010f050 00000004 d aptChainloadDeliverArgSize
0010f054 00000004 d kCount
0010f058 00000004 d kInterval
0010f05c 00000004 d kDelay
0010f060 W __stacksize__
0010f064 00000004 D _impure_ptr
0010f068 00000120 D _impure_data
0010f188 0000000c D __sglue
0010f194 00000004 D __malloc_sbrk_base
0010f198 00000004 D __malloc_trim_threshold
0010f1a0 00000408 D __malloc_av_
0010f5a8 00000400 d _current_working_directory
0010f9a8 00001000 d handles
001109a8 0000000c d __stderr_handle
001109b4 0000000c d __stdout_handle
001109c0 0000000c d __stdin_handle
001109cc 0000008c D devoptab_list
00110a58 00000004 d defaultDevice
00110a64 d _GLOBAL_OFFSET_TABLE_
00110a70 d __frame_dummy_init_array_entry
00110a70 D __init_array_start
00110a70 B __preinit_array_end
00110a70 B __preinit_array_start
00110a70 D __tdata_lma
00110a70 D __tdata_lma_end
00110a74 d __do_global_dtors_aux_fini_array_entry
00110a74 D __fini_array_start
00110a74 D __init_array_end
00110a78 D __bss_start__
00110a78 b completed.1
00110a78 D __fini_array_end
00110a7c b object.0
00110a94 0000001c b escapeSeq
00110ab0 00000048 B currentCopy
00110af8 00000004 b screenAlloc
00110afc 00000004 b screenFree
00110b00 00000002 b gfxIsDoubleBuf
00110b04 00000002 b gfxCurBuf
00110b06 00000001 b gfxIsVram
00110b07 00000001 b gfxTopMode
00110b08 00000002 b gfxFramebufferFormats
00110b0c 00000004 b gfxBottomFramebufferMaxSize
00110b10 00000004 b gfxTopFramebufferMaxSize
00110b18 00000008 b gfxBottomFramebuffers
00110b20 00000008 b gfxTopFramebuffers
00110b28 00000001 b flagValue.0
00110b29 00000001 b flagInit.1
00110b2c 00000004 b serviceName.6
00110b30 00000001 b aptChainloadFlags
00110b31 00000001 b aptChainloadMediatype
00110b34 00000020 b aptChainloadHmac
00110b54 00000300 b aptChainloadDeliverArg
00110e58 00000008 b aptChainloadTid
00110e60 00001000 b aptParameters
00111e60 00000004 b aptFlags
00111e64 00000001 b aptHomeButtonState
00111e68 00000004 b aptMessageFuncData
00111e6c 00000004 b aptMessageFunc
00111e70 0000000c b aptFirstHook
00111e7c 00000001 b aptEventHandlerThreadQuit
00111e80 00000004 b aptEventHandlerThread
00111e84 00000008 b aptSleepEvent
00111e8c 00000008 b aptReceiveEvent
00111e94 00000008 b aptEvents
00111e9c 00000004 b aptLockHandle
00111ea0 00000004 b aptRefCount
00111ea4 00000007 b gspEventCbOneShot
00111eac 0000001c b gspEventCbData
00111ec8 0000001c b gspEventCb
00111ee4 00000038 b gspEvents
00111f1c 00000004 b gspLastEvent
00111f20 00000001 b gspRunEvents
00111f24 00000004 b gspEventThread
00111f28 00000004 b gspEvent
00111f2c 00000001 b gspGpuRight
00111f2d 00000001 b gspThreadId
00111f30 00000004 b gspSharedMem
00111f34 00000004 b gspSharedMemHandle
00111f38 00000004 b gspRefCount
00111f3c 00000004 b gspGpuHandle
00111f40 00000001 b usingIrrst
00111f44 00000004 b hidRefCount
00111f48 00000006 b gRate
00111f50 00000006 b aVec
00111f58 00000004 b cPos
00111f5c 00000004 b tPos
00111f60 00000004 b kRepeat
00111f64 00000004 b kUp
00111f68 00000004 b kDown
00111f6c 00000004 b kHeld
00111f70 00000004 b kOld
00111f74 00000004 B hidSharedMem
00111f78 00000014 B hidEvents
00111f8c 00000004 B hidMemHandle
00111f90 00000004 B hidHandle
00111f94 00000004 b irrstRefCount
00111f98 00000004 b csPos
00111f9c 00000004 b kHeld
00111fa0 00000004 B irrstSharedMem
00111fa4 00000004 B irrstEvent
00111fa8 00000004 B irrstMemHandle
00111fac 00000004 B irrstHandle
00111fb0 00000004 B __system_retAddr
00111fb4 00000004 B __system_argv
00111fb8 00000004 B __system_argc
00111fbc b saved_stack
00111fc8 00000008 b sLinearPool
00111fd0 0000000c b sAddrMap
00111fe0 00000008 b sVramPoolB
00111fe8 00000008 b sVramPoolA
00111ff0 0000000c b sAddrMap
00111ffc 00000004 B __3dslink_host
00112000 00000001 V __ctru_speedup
00112004 00000004 b srvRefCount
00112008 00000004 b srvHandle
0011200c 00000004 b arbiter
00112010 00000004 b currentAddr
00112014 00000004 b maxAddr
00112018 00000004 b minAddr
0011201c 00000004 b ptmSysmRefCount
00112020 00000004 b ptmSysmHandle
00112024 00000004 b srvPmHandle
00112028 00000004 V __ctru_linear_heap_size
0011202c 00000004 V __ctru_heap_size
00112030 00000004 B __ctru_linear_heap
00112034 00000004 B __ctru_heap
00112038 000005c0 b archive_devices
001125f8 00000004 b archive_device_cwd
001125fc 00000001 b archive_initialized
00112600 00000080 b fsExemptArchives
00112680 00000004 b fsuRefCount
00112684 00000004 b fsuHandle
00112688 0000000c b __sfp_recursive_mutex
00112698 00000168 B __sf
00112800 00000004 B __stdio_exit_handler
00112804 00000028 B __malloc_current_mallinfo
0011282c 00000004 B __malloc_max_total_mem
00112830 00000004 B __malloc_max_sbrked_mem
00112834 00000004 B __malloc_top_pad
00112838 0000000c b __malloc_recursive_mutex
00112844 00000400 b temp_cwd
00112c44 00000004 b __hndl_lock
00112c48 00000004 B fake_heap_start
00112c4c 00000004 B fake_heap_end
00112c50 00000004 b heap_start.0
00112c54 B __tls_start
0011385c B __bss_end__
0011385c A __end__
0011385c B __tls_end
